D:\LINLU\BSOPTIONPRICEMODEL\BSOPTIONPRICEMODEL\DEBUG\BSOPTIONPRICEMODEL.EXE.INTERMEDIATE.MANIFEST
D:\Linlu\BSOptionPriceModel\BSOptionPriceModel\Debug\BSOptionPriceModel.vcxprojResolveAssemblyReference.cache
D:\Linlu\BSOptionPriceModel\BSOptionPriceModel\Debug\BSOptionPriceModel.write.1.tlog
D:\Linlu\BSOptionPriceModel\BSOptionPriceModel\Debug\cl.command.1.tlog
D:\Linlu\BSOptionPriceModel\BSOptionPriceModel\Debug\CL.read.1.tlog
D:\Linlu\BSOptionPriceModel\BSOptionPriceModel\Debug\CL.write.1.tlog
D:\LINLU\BSOPTIONPRICEMODEL\BSOPTIONPRICEMODEL\DEBUG\GAUSSIANDISTRIBUTION.OBJ
D:\Linlu\BSOptionPriceModel\BSOptionPriceModel\Debug\link.command.1.tlog
D:\Linlu\BSOptionPriceModel\BSOptionPriceModel\Debug\link.read.1.tlog
D:\Linlu\BSOptionPriceModel\BSOptionPriceModel\Debug\link.write.1.tlog
D:\LINLU\BSOPTIONPRICEMODEL\BSOPTIONPRICEMODEL\DEBUG\MAIN.OBJ
D:\Linlu\BSOptionPriceModel\BSOptionPriceModel\Debug\mt.command.1.tlog
D:\Linlu\BSOptionPriceModel\BSOptionPriceModel\Debug\mt.read.1.tlog
D:\Linlu\BSOptionPriceModel\BSOptionPriceModel\Debug\mt.write.1.tlog
D:\LINLU\BSOPTIONPRICEMODEL\BSOPTIONPRICEMODEL\DEBUG\OPTION.OBJ
D:\LINLU\BSOPTIONPRICEMODEL\BSOPTIONPRICEMODEL\DEBUG\STOCK.OBJ
D:\Linlu\BSOptionPriceModel\BSOptionPriceModel\Debug\vc100.idb
D:\LINLU\BSOPTIONPRICEMODEL\BSOPTIONPRICEMODEL\DEBUG\VC100.PDB
D:\LINLU\BSOPTIONPRICEMODEL\DEBUG\BSOPTIONPRICEMODEL.EXE
D:\LINLU\BSOPTIONPRICEMODEL\DEBUG\BSOPTIONPRICEMODEL.ILK
D:\LINLU\BSOPTIONPRICEMODEL\DEBUG\BSOPTIONPRICEMODEL.PDB
